This file contains any messages produced by compilers while
running configure, to aid debugging if configure makes a mistake.

It was created by libgameengine configure 0.0.1, which was
generated by GNU Autoconf 2.67.  Invocation command line was

  $ ./configure --enable-debug

## --------- ##
## Platform. ##
## --------- ##

hostname = konata
uname -m = x86_64
uname -r = 2.6.35-28-generic
uname -s = Linux
uname -v = #50-Ubuntu SMP Fri Mar 18 18:42:20 UTC 2011

/usr/bin/uname -p = unknown
/bin/uname -X     = unknown

/bin/arch              = unknown
/usr/bin/arch -k       = unknown
/usr/convex/getsysinfo = unknown
/usr/bin/hostinfo      = unknown
/bin/machine           = unknown
/usr/bin/oslevel       = unknown
/bin/universe          = unknown

PATH: /home/aramande/bin
PATH: /usr/local/sbin
PATH: /usr/local/bin
PATH: /usr/sbin
PATH: /usr/bin
PATH: /sbin
PATH: /bin
PATH: /usr/games


## ----------- ##
## Core tests. ##
## ----------- ##

configure:2467: checking for a BSD-compatible install
configure:2535: result: /usr/bin/install -c
configure:2546: checking whether build environment is sane
configure:2596: result: yes
configure:2737: checking for a thread-safe mkdir -p
configure:2776: result: /bin/mkdir -p
configure:2789: checking for gawk
configure:2819: result: no
configure:2789: checking for mawk
configure:2805: found /usr/bin/mawk
configure:2816: result: mawk
configure:2827: checking whether make sets $(MAKE)
configure:2849: result: yes
configure:2991: checking for g++
configure:3007: found /usr/bin/g++
configure:3018: result: g++
configure:3045: checking for C++ compiler version
configure:3054: g++ --version >&5
g++ (Ubuntu/Linaro 4.4.4-14ubuntu5) 4.4.5
Copyright (C) 2010 Free Software Foundation, Inc.
This is free software; see the source for copying conditions.  There is NO
warranty; not even for MERCHANTABILITY or FITNESS FOR A PARTICULAR PURPOSE.

configure:3065: $? = 0
configure:3054: g++ -v >&5
Using built-in specs.
Target: x86_64-linux-gnu
Configured with: ../src/configure -v --with-pkgversion='Ubuntu/Linaro 4.4.4-14ubuntu5' --with-bugurl=file:///usr/share/doc/gcc-4.4/README.Bugs --enable-languages=c,c++,fortran,objc,obj-c++ --prefix=/usr --program-suffix=-4.4 --enable-shared --enable-multiarch --enable-linker-build-id --with-system-zlib --libexecdir=/usr/lib --without-included-gettext --enable-threads=posix --with-gxx-include-dir=/usr/include/c++/4.4 --libdir=/usr/lib --enable-nls --with-sysroot=/ --enable-clocale=gnu --enable-libstdcxx-debug --enable-objc-gc --disable-werror --with-arch-32=i686 --with-tune=generic --enable-checking=release --build=x86_64-linux-gnu --host=x86_64-linux-gnu --target=x86_64-linux-gnu
Thread model: posix
gcc version 4.4.5 (Ubuntu/Linaro 4.4.4-14ubuntu5) 
configure:3065: $? = 0
configure:3054: g++ -V >&5
g++: '-V' option must have argument
configure:3065: $? = 1
configure:3054: g++ -qversion >&5
g++: unrecognized option '-qversion'
g++: no input files
configure:3065: $? = 1
configure:3085: checking whether the C++ compiler works
configure:3107: g++    conftest.cpp  >&5
configure:3111: $? = 0
configure:3159: result: yes
configure:3162: checking for C++ compiler default output file name
configure:3164: result: a.out
configure:3170: checking for suffix of executables
configure:3177: g++ -o conftest    conftest.cpp  >&5
configure:3181: $? = 0
configure:3203: result: 
configure:3225: checking whether we are cross compiling
configure:3233: g++ -o conftest    conftest.cpp  >&5
configure:3237: $? = 0
configure:3244: ./conftest
configure:3248: $? = 0
configure:3263: result: no
configure:3268: checking for suffix of object files
configure:3290: g++ -c   conftest.cpp >&5
configure:3294: $? = 0
configure:3315: result: o
configure:3319: checking whether we are using the GNU C++ compiler
configure:3338: g++ -c   conftest.cpp >&5
configure:3338: $? = 0
configure:3347: result: yes
configure:3356: checking whether g++ accepts -g
configure:3376: g++ -c -g  conftest.cpp >&5
configure:3376: $? = 0
configure:3417: result: yes
configure:3451: checking for style of include used by make
configure:3479: result: GNU
configure:3504: checking dependency style of g++
configure:3614: result: gcc3
configure:3659: checking build system type
configure:3673: result: x86_64-unknown-linux-gnu
configure:3693: checking host system type
configure:3706: result: x86_64-unknown-linux-gnu
configure:3774: checking for gcc
configure:3790: found /usr/bin/gcc
configure:3801: result: gcc
configure:4030: checking for C compiler version
configure:4039: gcc --version >&5
gcc (Ubuntu/Linaro 4.4.4-14ubuntu5) 4.4.5
Copyright (C) 2010 Free Software Foundation, Inc.
This is free software; see the source for copying conditions.  There is NO
warranty; not even for MERCHANTABILITY or FITNESS FOR A PARTICULAR PURPOSE.

configure:4050: $? = 0
configure:4039: gcc -v >&5
Using built-in specs.
Target: x86_64-linux-gnu
Configured with: ../src/configure -v --with-pkgversion='Ubuntu/Linaro 4.4.4-14ubuntu5' --with-bugurl=file:///usr/share/doc/gcc-4.4/README.Bugs --enable-languages=c,c++,fortran,objc,obj-c++ --prefix=/usr --program-suffix=-4.4 --enable-shared --enable-multiarch --enable-linker-build-id --with-system-zlib --libexecdir=/usr/lib --without-included-gettext --enable-threads=posix --with-gxx-include-dir=/usr/include/c++/4.4 --libdir=/usr/lib --enable-nls --with-sysroot=/ --enable-clocale=gnu --enable-libstdcxx-debug --enable-objc-gc --disable-werror --with-arch-32=i686 --with-tune=generic --enable-checking=release --build=x86_64-linux-gnu --host=x86_64-linux-gnu --target=x86_64-linux-gnu
Thread model: posix
gcc version 4.4.5 (Ubuntu/Linaro 4.4.4-14ubuntu5) 
configure:4050: $? = 0
configure:4039: gcc -V >&5
gcc: '-V' option must have argument
configure:4050: $? = 1
configure:4039: gcc -qversion >&5
gcc: unrecognized option '-qversion'
gcc: no input files
configure:4050: $? = 1
configure:4054: checking whether we are using the GNU C compiler
configure:4073: gcc -c   conftest.c >&5
configure:4073: $? = 0
configure:4082: result: yes
configure:4091: checking whether gcc accepts -g
configure:4111: gcc -c -g  conftest.c >&5
configure:4111: $? = 0
configure:4152: result: yes
configure:4169: checking for gcc option to accept ISO C89
configure:4233: gcc  -c -g -O2  conftest.c >&5
configure:4233: $? = 0
configure:4246: result: none needed
configure:4268: checking dependency style of gcc
configure:4378: result: gcc3
configure:4393: checking for a sed that does not truncate output
configure:4457: result: /bin/sed
configure:4475: checking for grep that handles long lines and -e
configure:4533: result: /bin/grep
configure:4538: checking for egrep
configure:4600: result: /bin/grep -E
configure:4605: checking for fgrep
configure:4667: result: /bin/grep -F
configure:4702: checking for ld used by gcc
configure:4769: result: /usr/bin/ld
configure:4776: checking if the linker (/usr/bin/ld) is GNU ld
configure:4791: result: yes
configure:4803: checking for BSD- or MS-compatible name lister (nm)
configure:4852: result: /usr/bin/nm -B
configure:4970: checking the name lister (/usr/bin/nm -B) interface
configure:4977: gcc -c -g -O2  conftest.c >&5
configure:4980: /usr/bin/nm -B "conftest.o"
configure:4983: output
0000000000000000 B some_variable
configure:4990: result: BSD nm
configure:4993: checking whether ln -s works
configure:4997: result: yes
configure:5005: checking the maximum length of command line arguments
configure:5125: result: 1572864
configure:5142: checking whether the shell understands some XSI constructs
configure:5152: result: yes
configure:5156: checking whether the shell understands "+="
configure:5162: result: yes
configure:5197: checking for /usr/bin/ld option to reload object files
configure:5204: result: -r
configure:5273: checking for objdump
configure:5289: found /usr/bin/objdump
configure:5300: result: objdump
configure:5332: checking how to recognize dependent libraries
configure:5528: result: pass_all
configure:5588: checking for ar
configure:5604: found /usr/bin/ar
configure:5615: result: ar
configure:5693: checking for strip
configure:5709: found /usr/bin/strip
configure:5720: result: strip
configure:5792: checking for ranlib
configure:5808: found /usr/bin/ranlib
configure:5819: result: ranlib
configure:5909: checking command to parse /usr/bin/nm -B output from gcc object
configure:6027: gcc -c -g -O2  conftest.c >&5
configure:6030: $? = 0
configure:6034: /usr/bin/nm -B conftest.o \| sed -n -e 's/^.*[	 ]\([ABCDGIRSTW][ABCDGIRSTW]*\)[	 ][	 ]*\([_A-Za-z][_A-Za-z0-9]*\)$/\1 \2 \2/p' \> conftest.nm
configure:6037: $? = 0
configure:6091: gcc -o conftest -g -O2   conftest.c conftstm.o >&5
configure:6094: $? = 0
configure:6132: result: ok
configure:6228: gcc -c -g -O2  conftest.c >&5
configure:6231: $? = 0
configure:6941: checking how to run the C preprocessor
configure:6972: gcc -E  conftest.c
configure:6972: $? = 0
configure:6986: gcc -E  conftest.c
conftest.c:11: fatal error: ac_nonexistent.h: No such file or directory
compilation terminated.
configure:6986: $? = 1
configure: failed program was:
| /* confdefs.h */
| #define PACKAGE_NAME "libgameengine"
| #define PACKAGE_TARNAME "libgameengine"
| #define PACKAGE_VERSION "0.0.1"
| #define PACKAGE_STRING "libgameengine 0.0.1"
| #define PACKAGE_BUGREPORT "aramande@hackular.com"
| #define PACKAGE_URL ""
| #define PACKAGE "libgameengine"
| #define VERSION "0.0.1"
| /* end confdefs.h.  */
| #include <ac_nonexistent.h>
configure:7011: result: gcc -E
configure:7031: gcc -E  conftest.c
configure:7031: $? = 0
configure:7045: gcc -E  conftest.c
conftest.c:11: fatal error: ac_nonexistent.h: No such file or directory
compilation terminated.
configure:7045: $? = 1
configure: failed program was:
| /* confdefs.h */
| #define PACKAGE_NAME "libgameengine"
| #define PACKAGE_TARNAME "libgameengine"
| #define PACKAGE_VERSION "0.0.1"
| #define PACKAGE_STRING "libgameengine 0.0.1"
| #define PACKAGE_BUGREPORT "aramande@hackular.com"
| #define PACKAGE_URL ""
| #define PACKAGE "libgameengine"
| #define VERSION "0.0.1"
| /* end confdefs.h.  */
| #include <ac_nonexistent.h>
configure:7074: checking for ANSI C header files
configure:7094: gcc -c -g -O2  conftest.c >&5
configure:7094: $? = 0
configure:7167: gcc -o conftest -g -O2   conftest.c  >&5
configure:7167: $? = 0
configure:7167: ./conftest
configure:7167: $? = 0
configure:7178: result: yes
configure:7191: checking for sys/types.h
configure:7191: gcc -c -g -O2  conftest.c >&5
configure:7191: $? = 0
configure:7191: result: yes
configure:7191: checking for sys/stat.h
configure:7191: gcc -c -g -O2  conftest.c >&5
configure:7191: $? = 0
configure:7191: result: yes
configure:7191: checking for stdlib.h
configure:7191: gcc -c -g -O2  conftest.c >&5
configure:7191: $? = 0
configure:7191: result: yes
configure:7191: checking for string.h
configure:7191: gcc -c -g -O2  conftest.c >&5
configure:7191: $? = 0
configure:7191: result: yes
configure:7191: checking for memory.h
configure:7191: gcc -c -g -O2  conftest.c >&5
configure:7191: $? = 0
configure:7191: result: yes
configure:7191: checking for strings.h
configure:7191: gcc -c -g -O2  conftest.c >&5
configure:7191: $? = 0
configure:7191: result: yes
configure:7191: checking for inttypes.h
configure:7191: gcc -c -g -O2  conftest.c >&5
configure:7191: $? = 0
configure:7191: result: yes
configure:7191: checking for stdint.h
configure:7191: gcc -c -g -O2  conftest.c >&5
configure:7191: $? = 0
configure:7191: result: yes
configure:7191: checking for unistd.h
configure:7191: gcc -c -g -O2  conftest.c >&5
configure:7191: $? = 0
configure:7191: result: yes
configure:7205: checking for dlfcn.h
configure:7205: gcc -c -g -O2  conftest.c >&5
configure:7205: $? = 0
configure:7205: result: yes
configure:7330: checking for C++ compiler version
configure:7339: g++ --version >&5
g++ (Ubuntu/Linaro 4.4.4-14ubuntu5) 4.4.5
Copyright (C) 2010 Free Software Foundation, Inc.
This is free software; see the source for copying conditions.  There is NO
warranty; not even for MERCHANTABILITY or FITNESS FOR A PARTICULAR PURPOSE.

configure:7350: $? = 0
configure:7339: g++ -v >&5
Using built-in specs.
Target: x86_64-linux-gnu
Configured with: ../src/configure -v --with-pkgversion='Ubuntu/Linaro 4.4.4-14ubuntu5' --with-bugurl=file:///usr/share/doc/gcc-4.4/README.Bugs --enable-languages=c,c++,fortran,objc,obj-c++ --prefix=/usr --program-suffix=-4.4 --enable-shared --enable-multiarch --enable-linker-build-id --with-system-zlib --libexecdir=/usr/lib --without-included-gettext --enable-threads=posix --with-gxx-include-dir=/usr/include/c++/4.4 --libdir=/usr/lib --enable-nls --with-sysroot=/ --enable-clocale=gnu --enable-libstdcxx-debug --enable-objc-gc --disable-werror --with-arch-32=i686 --with-tune=generic --enable-checking=release --build=x86_64-linux-gnu --host=x86_64-linux-gnu --target=x86_64-linux-gnu
Thread model: posix
gcc version 4.4.5 (Ubuntu/Linaro 4.4.4-14ubuntu5) 
configure:7350: $? = 0
configure:7339: g++ -V >&5
g++: '-V' option must have argument
configure:7350: $? = 1
configure:7339: g++ -qversion >&5
g++: unrecognized option '-qversion'
g++: no input files
configure:7350: $? = 1
configure:7354: checking whether we are using the GNU C++ compiler
configure:7382: result: yes
configure:7391: checking whether g++ accepts -g
configure:7452: result: yes
configure:7477: checking dependency style of g++
configure:7587: result: gcc3
configure:7610: checking how to run the C++ preprocessor
configure:7637: g++ -E  conftest.cpp
configure:7637: $? = 0
configure:7651: g++ -E  conftest.cpp
conftest.cpp:22: fatal error: ac_nonexistent.h: No such file or directory
compilation terminated.
configure:7651: $? = 1
configure: failed program was:
| /* confdefs.h */
| #define PACKAGE_NAME "libgameengine"
| #define PACKAGE_TARNAME "libgameengine"
| #define PACKAGE_VERSION "0.0.1"
| #define PACKAGE_STRING "libgameengine 0.0.1"
| #define PACKAGE_BUGREPORT "aramande@hackular.com"
| #define PACKAGE_URL ""
| #define PACKAGE "libgameengine"
| #define VERSION "0.0.1"
| #define STDC_HEADERS 1
| #define HAVE_SYS_TYPES_H 1
| #define HAVE_SYS_STAT_H 1
| #define HAVE_STDLIB_H 1
| #define HAVE_STRING_H 1
| #define HAVE_MEMORY_H 1
| #define HAVE_STRINGS_H 1
| #define HAVE_INTTYPES_H 1
| #define HAVE_STDINT_H 1
| #define HAVE_UNISTD_H 1
| #define HAVE_DLFCN_H 1
| /* end confdefs.h.  */
| #include <ac_nonexistent.h>
configure:7676: result: g++ -E
configure:7696: g++ -E  conftest.cpp
configure:7696: $? = 0
configure:7710: g++ -E  conftest.cpp
conftest.cpp:22: fatal error: ac_nonexistent.h: No such file or directory
compilation terminated.
configure:7710: $? = 1
configure: failed program was:
| /* confdefs.h */
| #define PACKAGE_NAME "libgameengine"
| #define PACKAGE_TARNAME "libgameengine"
| #define PACKAGE_VERSION "0.0.1"
| #define PACKAGE_STRING "libgameengine 0.0.1"
| #define PACKAGE_BUGREPORT "aramande@hackular.com"
| #define PACKAGE_URL ""
| #define PACKAGE "libgameengine"
| #define VERSION "0.0.1"
| #define STDC_HEADERS 1
| #define HAVE_SYS_TYPES_H 1
| #define HAVE_SYS_STAT_H 1
| #define HAVE_STDLIB_H 1
| #define HAVE_STRING_H 1
| #define HAVE_MEMORY_H 1
| #define HAVE_STRINGS_H 1
| #define HAVE_INTTYPES_H 1
| #define HAVE_STDINT_H 1
| #define HAVE_UNISTD_H 1
| #define HAVE_DLFCN_H 1
| /* end confdefs.h.  */
| #include <ac_nonexistent.h>
configure:7916: checking for objdir
configure:7931: result: .libs
configure:8223: checking if gcc supports -fno-rtti -fno-exceptions
configure:8241: gcc -c -g -O2  -fno-rtti -fno-exceptions conftest.c >&5
cc1: warning: command line option "-fno-rtti" is valid for C++/ObjC++ but not for C
configure:8245: $? = 0
configure:8258: result: no
configure:8278: checking for gcc option to produce PIC
configure:8550: result: -fPIC -DPIC
configure:8562: checking if gcc PIC flag -fPIC -DPIC works
configure:8580: gcc -c -g -O2  -fPIC -DPIC -DPIC conftest.c >&5
configure:8584: $? = 0
configure:8597: result: yes
configure:8621: checking if gcc static flag -static works
configure:8649: result: yes
configure:8664: checking if gcc supports -c -o file.o
configure:8685: gcc -c -g -O2  -o out/conftest2.o conftest.c >&5
configure:8689: $? = 0
configure:8711: result: yes
configure:8719: checking if gcc supports -c -o file.o
configure:8766: result: yes
configure:8799: checking whether the gcc linker (/usr/bin/ld -m elf_x86_64) supports shared libraries
configure:9790: result: yes
configure:9827: checking whether -lc should be explicitly linked in
configure:9832: gcc -c -g -O2  conftest.c >&5
configure:9835: $? = 0
configure:9850: gcc -shared conftest.o  -v -Wl,-soname -Wl,conftest -o conftest 2\>\&1 \| /bin/grep  -lc  \>/dev/null 2\>\&1
configure:9853: $? = 0
configure:9865: result: no
configure:10029: checking dynamic linker characteristics
configure:10462: gcc -o conftest -g -O2   -Wl,-rpath -Wl,/foo conftest.c  >&5
configure:10462: $? = 0
configure:10692: result: GNU/Linux ld.so
configure:10794: checking how to hardcode library paths into programs
configure:10819: result: immediate
configure:11339: checking whether stripping libraries is possible
configure:11344: result: yes
configure:11379: checking if libtool supports shared libraries
configure:11381: result: yes
configure:11384: checking whether to build shared libraries
configure:11405: result: yes
configure:11408: checking whether to build static libraries
configure:11412: result: yes
configure:11562: checking for ld used by g++
configure:11629: result: /usr/bin/ld -m elf_x86_64
configure:11636: checking if the linker (/usr/bin/ld -m elf_x86_64) is GNU ld
configure:11651: result: yes
configure:11706: checking whether the g++ linker (/usr/bin/ld -m elf_x86_64) supports shared libraries
configure:12619: result: yes
configure:12647: g++ -c -g -O2  conftest.cpp >&5
configure:12650: $? = 0
configure:12832: checking for g++ option to produce PIC
configure:13149: result: -fPIC -DPIC
configure:13158: checking if g++ PIC flag -fPIC -DPIC works
configure:13176: g++ -c -g -O2  -fPIC -DPIC -DPIC conftest.cpp >&5
configure:13180: $? = 0
configure:13193: result: yes
configure:13214: checking if g++ static flag -static works
configure:13242: result: yes
configure:13254: checking if g++ supports -c -o file.o
configure:13275: g++ -c -g -O2  -o out/conftest2.o conftest.cpp >&5
configure:13279: $? = 0
configure:13301: result: yes
configure:13306: checking if g++ supports -c -o file.o
configure:13353: result: yes
configure:13383: checking whether the g++ linker (/usr/bin/ld -m elf_x86_64) supports shared libraries
configure:13412: result: yes
configure:13549: checking dynamic linker characteristics
configure:13930: g++ -o conftest -g -O2   -Wl,-rpath -Wl,/foo conftest.cpp  >&5
configure:13930: $? = 0
configure:14160: result: GNU/Linux ld.so
configure:14211: checking how to hardcode library paths into programs
configure:14236: result: immediate
configure:14341: result: Debug mode initiated
configure:14349: result: Warnings activated
configure:14400: checking for sdl-config
configure:14418: found /usr/bin/sdl-config
configure:14431: result: /usr/bin/sdl-config
configure:14441: checking for SDL - version >= 1.2.13
configure:14528: gcc -o conftest -g -O2 -I/usr/include/SDL -D_GNU_SOURCE=1 -D_REENTRANT   conftest.c  -L/usr/lib -lSDL >&5
configure:14528: $? = 0
configure:14528: ./conftest
configure:14528: $? = 0
configure:14543: result: yes
configure:14614: checking for TTF_OpenFont in -lSDL_ttf
configure:14639: gcc -o conftest -g -O2   conftest.c -lSDL_ttf   >&5
configure:14639: $? = 0
configure:14648: result: yes
configure:14661: checking for IMG_Load in -lSDL_image
configure:14686: gcc -o conftest -g -O2   conftest.c -lSDL_image  -lSDL_ttf  >&5
configure:14686: $? = 0
configure:14695: result: yes
configure:14748: checking for stdbool.h that conforms to C99
configure:14833: gcc -c -g -O2  conftest.c >&5
configure:14833: $? = 0
configure:14840: result: yes
configure:14842: checking for _Bool
configure:14842: gcc -c -g -O2  conftest.c >&5
configure:14842: $? = 0
configure:14842: gcc -c -g -O2  conftest.c >&5
conftest.c: In function 'main':
conftest.c:62: error: expected expression before ')' token
configure:14842: $? = 1
configure: failed program was:
| /* confdefs.h */
| #define PACKAGE_NAME "libgameengine"
| #define PACKAGE_TARNAME "libgameengine"
| #define PACKAGE_VERSION "0.0.1"
| #define PACKAGE_STRING "libgameengine 0.0.1"
| #define PACKAGE_BUGREPORT "aramande@hackular.com"
| #define PACKAGE_URL ""
| #define PACKAGE "libgameengine"
| #define VERSION "0.0.1"
| #define STDC_HEADERS 1
| #define HAVE_SYS_TYPES_H 1
| #define HAVE_SYS_STAT_H 1
| #define HAVE_STDLIB_H 1
| #define HAVE_STRING_H 1
| #define HAVE_MEMORY_H 1
| #define HAVE_STRINGS_H 1
| #define HAVE_INTTYPES_H 1
| #define HAVE_STDINT_H 1
| #define HAVE_UNISTD_H 1
| #define HAVE_DLFCN_H 1
| #define LT_OBJDIR ".libs/"
| #define HAVE_CXXTEST 1
| #define HAVE_LIBSDL_TTF 1
| #define HAVE_LIBSDL_IMAGE 1
| /* end confdefs.h.  */
| #include <stdio.h>
| #ifdef HAVE_SYS_TYPES_H
| # include <sys/types.h>
| #endif
| #ifdef HAVE_SYS_STAT_H
| # include <sys/stat.h>
| #endif
| #ifdef STDC_HEADERS
| # include <stdlib.h>
| # include <stddef.h>
| #else
| # ifdef HAVE_STDLIB_H
| #  include <stdlib.h>
| # endif
| #endif
| #ifdef HAVE_STRING_H
| # if !defined STDC_HEADERS && defined HAVE_MEMORY_H
| #  include <memory.h>
| # endif
| # include <string.h>
| #endif
| #ifdef HAVE_STRINGS_H
| # include <strings.h>
| #endif
| #ifdef HAVE_INTTYPES_H
| # include <inttypes.h>
| #endif
| #ifdef HAVE_STDINT_H
| # include <stdint.h>
| #endif
| #ifdef HAVE_UNISTD_H
| # include <unistd.h>
| #endif
| int
| main ()
| {
| if (sizeof ((_Bool)))
| 	    return 0;
|   ;
|   return 0;
| }
configure:14842: result: yes
configure:14994: creating ./config.status

## ---------------------- ##
## Running config.status. ##
## ---------------------- ##

This file was extended by libgameengine config.status 0.0.1, which was
generated by GNU Autoconf 2.67.  Invocation command line was

  CONFIG_FILES    = 
  CONFIG_HEADERS  = 
  CONFIG_LINKS    = 
  CONFIG_COMMANDS = 
  $ ./config.status 

on konata

config.status:1147: creating Makefile
config.status:1147: creating data/Makefile
config.status:1147: creating src/Makefile
config.status:1147: creating config.h
config.status:1375: executing depfiles commands
config.status:1375: executing libtool commands

## ---------------- ##
## Cache variables. ##
## ---------------- ##

ac_cv_build=x86_64-unknown-linux-gnu
ac_cv_c_compiler_gnu=yes
ac_cv_cxx_compiler_gnu=yes
ac_cv_env_CCC_set=
ac_cv_env_CCC_value=
ac_cv_env_CC_set=
ac_cv_env_CC_value=
ac_cv_env_CFLAGS_set=
ac_cv_env_CFLAGS_value=
ac_cv_env_CPPFLAGS_set=
ac_cv_env_CPPFLAGS_value=
ac_cv_env_CPP_set=
ac_cv_env_CPP_value=
ac_cv_env_CXXCPP_set=
ac_cv_env_CXXCPP_value=
ac_cv_env_CXXFLAGS_set=
ac_cv_env_CXXFLAGS_value=
ac_cv_env_CXX_set=
ac_cv_env_CXX_value=
ac_cv_env_LDFLAGS_set=
ac_cv_env_LDFLAGS_value=
ac_cv_env_LIBS_set=
ac_cv_env_LIBS_value=
ac_cv_env_build_alias_set=
ac_cv_env_build_alias_value=
ac_cv_env_host_alias_set=
ac_cv_env_host_alias_value=
ac_cv_env_target_alias_set=
ac_cv_env_target_alias_value=
ac_cv_header_dlfcn_h=yes
ac_cv_header_inttypes_h=yes
ac_cv_header_memory_h=yes
ac_cv_header_stdbool_h=yes
ac_cv_header_stdc=yes
ac_cv_header_stdint_h=yes
ac_cv_header_stdlib_h=yes
ac_cv_header_string_h=yes
ac_cv_header_strings_h=yes
ac_cv_header_sys_stat_h=yes
ac_cv_header_sys_types_h=yes
ac_cv_header_unistd_h=yes
ac_cv_host=x86_64-unknown-linux-gnu
ac_cv_lib_SDL_image_IMG_Load=yes
ac_cv_lib_SDL_ttf_TTF_OpenFont=yes
ac_cv_objext=o
ac_cv_path_EGREP='/bin/grep -E'
ac_cv_path_FGREP='/bin/grep -F'
ac_cv_path_GREP=/bin/grep
ac_cv_path_SDL_CONFIG=/usr/bin/sdl-config
ac_cv_path_SED=/bin/sed
ac_cv_path_install='/usr/bin/install -c'
ac_cv_path_mkdir=/bin/mkdir
ac_cv_prog_AWK=mawk
ac_cv_prog_CPP='gcc -E'
ac_cv_prog_CXXCPP='g++ -E'
ac_cv_prog_ac_ct_AR=ar
ac_cv_prog_ac_ct_CC=gcc
ac_cv_prog_ac_ct_CXX=g++
ac_cv_prog_ac_ct_OBJDUMP=objdump
ac_cv_prog_ac_ct_RANLIB=ranlib
ac_cv_prog_ac_ct_STRIP=strip
ac_cv_prog_cc_c89=
ac_cv_prog_cc_g=yes
ac_cv_prog_cxx_g=yes
ac_cv_prog_make_make_set=yes
ac_cv_type__Bool=yes
am_cv_CC_dependencies_compiler_type=gcc3
am_cv_CXX_dependencies_compiler_type=gcc3
lt_cv_deplibs_check_method=pass_all
lt_cv_file_magic_cmd='$MAGIC_CMD'
lt_cv_file_magic_test_file=
lt_cv_ld_reload_flag=-r
lt_cv_nm_interface='BSD nm'
lt_cv_objdir=.libs
lt_cv_path_LD=/usr/bin/ld
lt_cv_path_LDCXX='/usr/bin/ld -m elf_x86_64'
lt_cv_path_NM='/usr/bin/nm -B'
lt_cv_prog_compiler_c_o=yes
lt_cv_prog_compiler_c_o_CXX=yes
lt_cv_prog_compiler_pic_works=yes
lt_cv_prog_compiler_pic_works_CXX=yes
lt_cv_prog_compiler_rtti_exceptions=no
lt_cv_prog_compiler_static_works=yes
lt_cv_prog_compiler_static_works_CXX=yes
lt_cv_prog_gnu_ld=yes
lt_cv_prog_gnu_ldcxx=yes
lt_cv_sys_global_symbol_pipe='sed -n -e '\''s/^.*[	 ]\([ABCDGIRSTW][ABCDGIRSTW]*\)[	 ][	 ]*\([_A-Za-z][_A-Za-z0-9]*\)$/\1 \2 \2/p'\'''
lt_cv_sys_global_symbol_to_c_name_address='sed -n -e '\''s/^: \([^ ]*\) $/  {\"\1\", (void *) 0},/p'\'' -e '\''s/^[ABCDGIRSTW]* \([^ ]*\) \([^ ]*\)$/  {"\2", (void *) \&\2},/p'\'''
lt_cv_sys_global_symbol_to_c_name_address_lib_prefix='sed -n -e '\''s/^: \([^ ]*\) $/  {\"\1\", (void *) 0},/p'\'' -e '\''s/^[ABCDGIRSTW]* \([^ ]*\) \(lib[^ ]*\)$/  {"\2", (void *) \&\2},/p'\'' -e '\''s/^[ABCDGIRSTW]* \([^ ]*\) \([^ ]*\)$/  {"lib\2", (void *) \&\2},/p'\'''
lt_cv_sys_global_symbol_to_cdecl='sed -n -e '\''s/^T .* \(.*\)$/extern int \1();/p'\'' -e '\''s/^[ABCDGIRSTW]* .* \(.*\)$/extern char \1;/p'\'''
lt_cv_sys_max_cmd_len=1572864

## ----------------- ##
## Output variables. ##
## ----------------- ##

ACLOCAL='${SHELL} /home/aramande/project/GameEngine/missing --run aclocal-1.11'
AMDEPBACKSLASH='\'
AMDEP_FALSE='#'
AMDEP_TRUE=''
AMTAR='${SHELL} /home/aramande/project/GameEngine/missing --run tar'
AM_CXXFLAGS=' -DHAVE_CXXTEST -I../cxxtest -g -DDEBUG -DWARN -DDATADIR="${datarootdir}" -I/usr/include/SDL -D_GNU_SOURCE=1 -D_REENTRANT'
AM_LDFLAGS=' -L/usr/lib -lSDL'
AR='ar'
AUTOCONF='${SHELL} /home/aramande/project/GameEngine/missing --run autoconf'
AUTOHEADER='${SHELL} /home/aramande/project/GameEngine/missing --run autoheader'
AUTOMAKE='${SHELL} /home/aramande/project/GameEngine/missing --run automake-1.11'
AWK='mawk'
CC='gcc'
CCDEPMODE='depmode=gcc3'
CFLAGS='-g -O2'
CPP='gcc -E'
CPPFLAGS=''
CXX='g++'
CXXCPP='g++ -E'
CXXDEPMODE='depmode=gcc3'
CXXFLAGS='-g -O2'
CXXTESTGEN='../bin/cxxtestgen'
CYGPATH_W='echo'
DATA_FILES=''
DEFS='-DHAVE_CONFIG_H'
DEPDIR='.deps'
DSYMUTIL=''
DUMPBIN=''
ECHO_C=''
ECHO_N='-n'
ECHO_T=''
EGREP='/bin/grep -E'
EXEEXT=''
FGREP='/bin/grep -F'
GREP='/bin/grep'
HAVE_CXXTEST_FALSE='#'
HAVE_CXXTEST_TRUE=''
INSTALL_DATA='${INSTALL} -m 644'
INSTALL_PROGRAM='${INSTALL}'
INSTALL_SCRIPT='${INSTALL}'
INSTALL_STRIP_PROGRAM='$(install_sh) -c -s'
LD='/usr/bin/ld -m elf_x86_64'
LDFLAGS=''
LIBOBJS=''
LIBS='-lSDL_image -lSDL_ttf '
LIBTOOL='$(SHELL) $(top_builddir)/libtool'
LIPO=''
LN_S='ln -s'
LTLIBOBJS=''
MAKEINFO='${SHELL} /home/aramande/project/GameEngine/missing --run makeinfo'
MKDIR_P='/bin/mkdir -p'
NM='/usr/bin/nm -B'
NMEDIT=''
OBJDUMP='objdump'
OBJEXT='o'
OTOOL64=''
OTOOL=''
PACKAGE='libgameengine'
PACKAGE_BUGREPORT='aramande@hackular.com'
PACKAGE_NAME='libgameengine'
PACKAGE_STRING='libgameengine 0.0.1'
PACKAGE_TARNAME='libgameengine'
PACKAGE_URL=''
PACKAGE_VERSION='0.0.1'
PATH_SEPARATOR=':'
PKGDATADIR='${datarootdir}/libgameengine'
RANLIB='ranlib'
SDL_CFLAGS='-I/usr/include/SDL -D_GNU_SOURCE=1 -D_REENTRANT'
SDL_CONFIG='/usr/bin/sdl-config'
SDL_LIBS='-L/usr/lib -lSDL'
SED='/bin/sed'
SET_MAKE=''
SHELL='/bin/bash'
STRIP='strip'
VERSION='0.0.1'
ac_ct_CC='gcc'
ac_ct_CXX='g++'
ac_ct_DUMPBIN=''
am__EXEEXT_FALSE=''
am__EXEEXT_TRUE='#'
am__fastdepCC_FALSE='#'
am__fastdepCC_TRUE=''
am__fastdepCXX_FALSE='#'
am__fastdepCXX_TRUE=''
am__include='include'
am__isrc=''
am__leading_dot='.'
am__quote=''
am__tar='${AMTAR} chof - "$$tardir"'
am__untar='${AMTAR} xf -'
bindir='${exec_prefix}/bin'
build='x86_64-unknown-linux-gnu'
build_alias=''
build_cpu='x86_64'
build_os='linux-gnu'
build_vendor='unknown'
datadir='${datarootdir}'
datarootdir='${prefix}/share'
docdir='${datarootdir}/doc/${PACKAGE_TARNAME}'
dvidir='${docdir}'
exec_prefix='${prefix}'
host='x86_64-unknown-linux-gnu'
host_alias=''
host_cpu='x86_64'
host_os='linux-gnu'
host_vendor='unknown'
htmldir='${docdir}'
includedir='${prefix}/include'
infodir='${datarootdir}/info'
install_sh='${SHELL} /home/aramande/project/GameEngine/install-sh'
libdir='${exec_prefix}/lib'
libexecdir='${exec_prefix}/libexec'
localedir='${datarootdir}/locale'
localstatedir='${prefix}/var'
lt_ECHO='echo'
mandir='${datarootdir}/man'
mkdir_p='/bin/mkdir -p'
oldincludedir='/usr/include'
pdfdir='${docdir}'
prefix='/usr/local'
program_transform_name='s,x,x,'
psdir='${docdir}'
sbindir='${exec_prefix}/sbin'
sharedstatedir='${prefix}/com'
sysconfdir='${prefix}/etc'
target_alias=''

## ----------- ##
## confdefs.h. ##
## ----------- ##

/* confdefs.h */
#define PACKAGE_NAME "libgameengine"
#define PACKAGE_TARNAME "libgameengine"
#define PACKAGE_VERSION "0.0.1"
#define PACKAGE_STRING "libgameengine 0.0.1"
#define PACKAGE_BUGREPORT "aramande@hackular.com"
#define PACKAGE_URL ""
#define PACKAGE "libgameengine"
#define VERSION "0.0.1"
#define STDC_HEADERS 1
#define HAVE_SYS_TYPES_H 1
#define HAVE_SYS_STAT_H 1
#define HAVE_STDLIB_H 1
#define HAVE_STRING_H 1
#define HAVE_MEMORY_H 1
#define HAVE_STRINGS_H 1
#define HAVE_INTTYPES_H 1
#define HAVE_STDINT_H 1
#define HAVE_UNISTD_H 1
#define HAVE_DLFCN_H 1
#define LT_OBJDIR ".libs/"
#define HAVE_CXXTEST 1
#define HAVE_LIBSDL_TTF 1
#define HAVE_LIBSDL_IMAGE 1
#define HAVE__BOOL 1
#define HAVE_STDBOOL_H 1

configure: exit 0
