Addi
Addi
Addi
Addi
Addi
Addi
Addi
Addi
Addi
Addi
Addi
Addi
Addi
Addi
Addi
A sp
A pr
A sp
A pr
A sp
A pr
A sp
A pr
A sp
A pr
A sp
A pr
A sp
A pr
A sp
A pr
A sp
A pr
A sp
A pr
A sp
A pr
A sp
A pr
A sp
A pr
A sp
A pr
Addi
Addi
A sp
A pr
A sp
A pr
A sp
A pr
A sp
A pr
A sp
A pr
A sp
A pr
A sp
A pr
A sp
A pr
A sp
A pr
A sp
A pr
A sp
A pr
A sp
A pr
A sp
A pr
A sp
A pr
A sp
A pr
A sp
A pr
A sp
A pr
A sp
A pr
A sp
A pr
A sp
A pr
A sp
A pr
A sp
A pr
A sp
A pr
A sp
A pr
A sp
A pr
A sp
A pr
A sp
A pr
A sp
A pr
A sp
A pr
A sp
A pr
A sp
A pr
A sp
A pr
A sp
A pr
A sp
A pr
A sp
A pr
A sp
A pr
A sp
A pr
A sp
A pr
A sp
A pr
A sp
A pr
A sp
A pr
A sp
A pr
A sp
A pr
A sp
A pr
A sp
A pr
A sp
A pr
A sp
A pr
A sp
A pr
A sp
A pr
A sp
A pr
A sp
A pr
A sp
A pr
A sp
A pr
A sp
A pr
A sp
A pr
A sp
A pr
A sp
A pr
A sp
A pr
A sp
A pr
A sp
A pr
A sp
A pr
A sp
A pr
A sp
A pr
A sp
A pr
A sp
A pr
A sp
A pr
A sp
A pr
A sp
A pr
A sp
A pr
A sp
A pr
A sp
A pr
A sp
A pr
A sp
A pr
A sp
A pr
A sp
A pr
A sp
A pr
A sp
A pr
A sp
A pr
A sp
A pr
A sp
A pr
A sp
A pr
An e
A sp
Coll
Remo
Remo
A sp
A pr
A sp
A pr
A sp
A pr
A sp
A pr
A sp
A pr
A sp
A pr
A sp
A pr
A sp
A pr
A sp
A pr
A sp
A pr
A sp
A pr
A sp
A pr
A sp
A pr
A sp
A pr
Good
